<?xml version="1.0" encoding="UTF-8"?>
<testsuites>
  <testsuite name="BackstopJS" tests="6" failures="6" errors="6" skipped="0">
    <testcase classname="document" name=" ›› RegistrationPage">
      <failure message="Design deviation ›› RegistrationPage (document) component"/>
      <error message="Design deviation ›› RegistrationPage (document) component"/>
    </testcase>
    <testcase classname="document" name=" ›› RegistrationPage">
      <failure message="Design deviation ›› RegistrationPage (document) component"/>
      <error message="Design deviation ›› RegistrationPage (document) component"/>
    </testcase>
    <testcase classname="document" name=" ›› RegistrationPage">
      <failure message="Design deviation ›› RegistrationPage (document) component"/>
      <error message="Design deviation ›› RegistrationPage (document) component"/>
    </testcase>
    <testcase classname="document" name=" ›› LoginPage">
      <failure message="Design deviation ›› LoginPage (document) component"/>
      <error message="Design deviation ›› LoginPage (document) component"/>
    </testcase>
    <testcase classname="document" name=" ›› LoginPage">
      <failure message="Design deviation ›› LoginPage (document) component"/>
      <error message="Design deviation ›› LoginPage (document) component"/>
    </testcase>
    <testcase classname="document" name=" ›› LoginPage">
      <failure message="Design deviation ›› LoginPage (document) component"/>
      <error message="Design deviation ›› LoginPage (document) component"/>
    </testcase>
  </testsuite>
</testsuites>