<?xml version="1.0" encoding="UTF-8"?>
<testsuites>
  <testsuite name="BackstopJS" tests="6" failures="0" errors="0" skipped="0">
    <testcase classname="document" name=" ›› RegistrationPage"/>
    <testcase classname="document" name=" ›› RegistrationPage"/>
    <testcase classname="document" name=" ›› RegistrationPage"/>
    <testcase classname="document" name=" ›› LoginPage"/>
    <testcase classname="document" name=" ›› LoginPage"/>
    <testcase classname="document" name=" ›› LoginPage"/>
  </testsuite>
</testsuites>