<?xml version="1.0" encoding="UTF-8"?>
<coverage generated="1614692190">
  <project timestamp="1614692190">
    <file name="/project/pages/api/download_api.php">
      <line num="23" type="stmt" count="0"/>
      <line num="25" type="stmt" count="0"/>
      <line num="27" type="stmt" count="0"/>
      <line num="28" type="stmt" count="0"/>
      <line num="29" type="stmt" count="0"/>
      <line num="30" type="stmt" count="0"/>
      <line num="31" type="stmt" count="0"/>
      <line num="32" type="stmt" count="0"/>
      <line num="37" type="stmt" count="0"/>
      <line num="38" type="stmt" count="0"/>
      <line num="39" type="stmt" count="0"/>
      <line num="40" type="stmt" count="0"/>
      <line num="41" type="stmt" count="0"/>
      <line num="42" type="stmt" count="0"/>
      <line num="43" type="stmt" count="0"/>
      <line num="44" type="stmt" count="0"/>
      <line num="45" type="stmt" count="0"/>
      <line num="46" type="stmt" count="0"/>
      <line num="47" type="stmt" count="0"/>
      <line num="48" type="stmt" count="0"/>
      <line num="49" type="stmt" count="0"/>
      <line num="50" type="stmt" count="0"/>
      <line num="52" type="stmt" count="0"/>
      <line num="53" type="stmt" count="0"/>
      <line num="57" type="stmt" count="0"/>
      <line num="58" type="stmt" count="0"/>
      <line num="59" type="stmt" count="0"/>
      <line num="60" type="stmt" count="0"/>
      <metrics loc="61" ncloc="36" classes="0" methods="0" coveredmethods="0" conditionals="0" coveredconditionals="0" statements="28" coveredstatements="0" elements="28" coveredelements="0"/>
    </file>
    <file name="/project/pages/components/footer.php">
      <metrics loc="48" ncloc="48" classes="0" methods="0" coveredmethods="0" conditionals="0" coveredconditionals="0" statements="0" coveredstatements="0" elements="0" coveredelements="0"/>
    </file>
    <file name="/project/pages/components/navbar.php">
      <line num="45" type="stmt" count="0"/>
      <line num="57" type="stmt" count="0"/>
      <metrics loc="70" ncloc="70" classes="0" methods="0" coveredmethods="0" conditionals="0" coveredconditionals="0" statements="2" coveredstatements="0" elements="2" coveredelements="0"/>
    </file>
    <file name="/project/pages/css/components.css">
      <metrics loc="305" ncloc="305" classes="0" methods="0" coveredmethods="0" conditionals="0" coveredconditionals="0" statements="0" coveredstatements="0" elements="0" coveredelements="0"/>
    </file>
    <file name="/project/pages/css/login.css">
      <metrics loc="29" ncloc="29" classes="0" methods="0" coveredmethods="0" conditionals="0" coveredconditionals="0" statements="0" coveredstatements="0" elements="0" coveredelements="0"/>
    </file>
    <file name="/project/pages/css/register.css">
      <metrics loc="29" ncloc="29" classes="0" methods="0" coveredmethods="0" conditionals="0" coveredconditionals="0" statements="0" coveredstatements="0" elements="0" coveredelements="0"/>
    </file>
    <file name="/project/pages/css/upload.css">
      <metrics loc="65" ncloc="65" classes="0" methods="0" coveredmethods="0" conditionals="0" coveredconditionals="0" statements="0" coveredstatements="0" elements="0" coveredelements="0"/>
    </file>
    <file name="/project/pages/hello_world.php">
      <line num="2" type="stmt" count="0"/>
      <metrics loc="2" ncloc="2" classes="0" methods="0" coveredmethods="0" conditionals="0" coveredconditionals="0" statements="1" coveredstatements="0" elements="1" coveredelements="0"/>
    </file>
    <file name="/project/pages/helper/api_class.php">
      <class name="Downloader_API" namespace="global">
        <metrics complexity="18" methods="5" coveredmethods="5" conditionals="0" coveredconditionals="0" statements="42" coveredstatements="42" elements="47" coveredelements="47"/>
      </class>
      <line num="32" type="method" name="validatePostRequest" visibility="public" complexity="9" crap="9" count="1"/>
      <line num="33" type="stmt" count="1"/>
      <line num="34" type="stmt" count="1"/>
      <line num="35" type="stmt" count="1"/>
      <line num="37" type="stmt" count="1"/>
      <line num="38" type="stmt" count="1"/>
      <line num="39" type="stmt" count="1"/>
      <line num="41" type="stmt" count="1"/>
      <line num="42" type="stmt" count="1"/>
      <line num="43" type="stmt" count="1"/>
      <line num="45" type="stmt" count="1"/>
      <line num="46" type="stmt" count="1"/>
      <line num="47" type="stmt" count="1"/>
      <line num="49" type="stmt" count="1"/>
      <line num="50" type="stmt" count="1"/>
      <line num="51" type="stmt" count="1"/>
      <line num="52" type="stmt" count="1"/>
      <line num="54" type="stmt" count="1"/>
      <line num="55" type="stmt" count="1"/>
      <line num="56" type="stmt" count="1"/>
      <line num="58" type="method" name="file_checker" visibility="protected" complexity="1" crap="1" count="1"/>
      <line num="59" type="stmt" count="1"/>
      <line num="61" type="method" name="generateDownloadUrl" visibility="public" complexity="6" crap="6" count="1"/>
      <line num="62" type="stmt" count="1"/>
      <line num="63" type="stmt" count="1"/>
      <line num="64" type="stmt" count="1"/>
      <line num="66" type="stmt" count="1"/>
      <line num="67" type="stmt" count="1"/>
      <line num="68" type="stmt" count="1"/>
      <line num="70" type="stmt" count="1"/>
      <line num="71" type="stmt" count="1"/>
      <line num="72" type="stmt" count="1"/>
      <line num="73" type="stmt" count="1"/>
      <line num="74" type="stmt" count="1"/>
      <line num="75" type="stmt" count="1"/>
      <line num="76" type="stmt" count="1"/>
      <line num="78" type="stmt" count="1"/>
      <line num="79" type="stmt" count="1"/>
      <line num="80" type="stmt" count="1"/>
      <line num="81" type="stmt" count="1"/>
      <line num="83" type="stmt" count="1"/>
      <line num="84" type="stmt" count="1"/>
      <line num="85" type="stmt" count="1"/>
      <line num="87" type="method" name="getUrl" visibility="public" complexity="1" crap="1" count="1"/>
      <line num="88" type="stmt" count="1"/>
      <line num="90" type="method" name="getErrortxt" visibility="public" complexity="1" crap="1" count="1"/>
      <line num="91" type="stmt" count="1"/>
      <line num="94" type="stmt" count="1"/>
      <metrics loc="93" ncloc="71" classes="1" methods="5" coveredmethods="5" conditionals="0" coveredconditionals="0" statements="42" coveredstatements="42" elements="47" coveredelements="47"/>
    </file>
    <file name="/project/pages/helper/connect_class.php">
      <class name="Connectors" namespace="global">
        <metrics complexity="2" methods="1" coveredmethods="1" conditionals="0" coveredconditionals="0" statements="4" coveredstatements="4" elements="5" coveredelements="5"/>
      </class>
      <class name="Auth" namespace="global">
        <metrics complexity="11" methods="6" coveredmethods="6" conditionals="0" coveredconditionals="0" statements="36" coveredstatements="36" elements="42" coveredelements="42"/>
      </class>
      <line num="44" type="method" name="phptodbconnector" visibility="public" complexity="2" crap="2" count="6"/>
      <line num="47" type="stmt" count="6"/>
      <line num="49" type="stmt" count="1"/>
      <line num="50" type="stmt" count="1"/>
      <line num="52" type="stmt" count="6"/>
      <line num="63" type="method" name="authenticate" visibility="public" complexity="6" crap="6" count="1"/>
      <line num="64" type="stmt" count="1"/>
      <line num="65" type="stmt" count="1"/>
      <line num="66" type="stmt" count="1"/>
      <line num="67" type="stmt" count="1"/>
      <line num="68" type="stmt" count="1"/>
      <line num="69" type="stmt" count="1"/>
      <line num="70" type="stmt" count="1"/>
      <line num="71" type="stmt" count="1"/>
      <line num="72" type="stmt" count="1"/>
      <line num="73" type="stmt" count="1"/>
      <line num="74" type="stmt" count="1"/>
      <line num="75" type="stmt" count="1"/>
      <line num="76" type="stmt" count="1"/>
      <line num="78" type="stmt" count="1"/>
      <line num="79" type="stmt" count="1"/>
      <line num="80" type="stmt" count="1"/>
      <line num="82" type="stmt" count="1"/>
      <line num="83" type="stmt" count="1"/>
      <line num="84" type="stmt" count="1"/>
      <line num="86" type="stmt" count="1"/>
      <line num="87" type="stmt" count="1"/>
      <line num="88" type="stmt" count="1"/>
      <line num="89" type="stmt" count="1"/>
      <line num="90" type="stmt" count="1"/>
      <line num="91" type="stmt" count="1"/>
      <line num="94" type="stmt" count="1"/>
      <line num="95" type="stmt" count="1"/>
      <line num="96" type="stmt" count="1"/>
      <line num="97" type="stmt" count="1"/>
      <line num="98" type="stmt" count="1"/>
      <line num="99" type="stmt" count="1"/>
      <line num="102" type="method" name="is_authenticated" visibility="public" complexity="1" crap="1" count="2"/>
      <line num="103" type="stmt" count="2"/>
      <line num="105" type="method" name="getFirstName" visibility="public" complexity="1" crap="1" count="2"/>
      <line num="106" type="stmt" count="2"/>
      <line num="108" type="method" name="getLastName" visibility="public" complexity="1" crap="1" count="2"/>
      <line num="109" type="stmt" count="2"/>
      <line num="111" type="method" name="getEmail" visibility="public" complexity="1" crap="1" count="2"/>
      <line num="112" type="stmt" count="2"/>
      <line num="114" type="method" name="getErrorTxt" visibility="public" complexity="1" crap="1" count="2"/>
      <line num="115" type="stmt" count="2"/>
      <line num="118" type="stmt" count="1"/>
      <metrics loc="117" ncloc="79" classes="2" methods="7" coveredmethods="7" conditionals="0" coveredconditionals="0" statements="40" coveredstatements="40" elements="47" coveredelements="47"/>
    </file>
    <file name="/project/pages/helper/login_class.php">
      <class name="LUser" namespace="global">
        <metrics complexity="14" methods="5" coveredmethods="5" conditionals="0" coveredconditionals="0" statements="38" coveredstatements="38" elements="43" coveredelements="43"/>
      </class>
      <line num="28" type="method" name="validateFormRequest" visibility="public" complexity="4" crap="4" count="1"/>
      <line num="29" type="stmt" count="1"/>
      <line num="30" type="stmt" count="1"/>
      <line num="31" type="stmt" count="1"/>
      <line num="32" type="stmt" count="1"/>
      <line num="34" type="stmt" count="1"/>
      <line num="37" type="method" name="validateFormFields" visibility="public" complexity="4" crap="4" count="1"/>
      <line num="38" type="stmt" count="1"/>
      <line num="39" type="stmt" count="1"/>
      <line num="40" type="stmt" count="1"/>
      <line num="42" type="stmt" count="1"/>
      <line num="43" type="stmt" count="1"/>
      <line num="44" type="stmt" count="1"/>
      <line num="46" type="stmt" count="1"/>
      <line num="47" type="stmt" count="1"/>
      <line num="48" type="stmt" count="1"/>
      <line num="50" type="stmt" count="1"/>
      <line num="51" type="stmt" count="1"/>
      <line num="54" type="method" name="loginUser" visibility="public" complexity="4" crap="4" count="1"/>
      <line num="55" type="stmt" count="1"/>
      <line num="56" type="stmt" count="1"/>
      <line num="57" type="stmt" count="1"/>
      <line num="58" type="stmt" count="1"/>
      <line num="59" type="stmt" count="1"/>
      <line num="60" type="stmt" count="1"/>
      <line num="61" type="stmt" count="1"/>
      <line num="62" type="stmt" count="1"/>
      <line num="64" type="stmt" count="1"/>
      <line num="65" type="stmt" count="1"/>
      <line num="66" type="stmt" count="1"/>
      <line num="67" type="stmt" count="1"/>
      <line num="69" type="stmt" count="1"/>
      <line num="70" type="stmt" count="1"/>
      <line num="71" type="stmt" count="1"/>
      <line num="72" type="stmt" count="1"/>
      <line num="73" type="stmt" count="1"/>
      <line num="74" type="stmt" count="1"/>
      <line num="76" type="stmt" count="1"/>
      <line num="77" type="stmt" count="1"/>
      <line num="82" type="method" name="getEmail" visibility="public" complexity="1" crap="1" count="2"/>
      <line num="83" type="stmt" count="2"/>
      <line num="85" type="method" name="getErrorTxt" visibility="public" complexity="1" crap="1" count="2"/>
      <line num="86" type="stmt" count="2"/>
      <line num="89" type="stmt" count="1"/>
      <metrics loc="88" ncloc="67" classes="1" methods="5" coveredmethods="5" conditionals="0" coveredconditionals="0" statements="38" coveredstatements="38" elements="43" coveredelements="43"/>
    </file>
    <file name="/project/pages/helper/register_class.php">
      <class name="RUser" namespace="global">
        <metrics complexity="23" methods="7" coveredmethods="7" conditionals="0" coveredconditionals="0" statements="55" coveredstatements="55" elements="62" coveredelements="62"/>
      </class>
      <line num="36" type="method" name="validateFormRequest" visibility="public" complexity="7" crap="7" count="1"/>
      <line num="37" type="stmt" count="1"/>
      <line num="38" type="stmt" count="1"/>
      <line num="39" type="stmt" count="1"/>
      <line num="40" type="stmt" count="1"/>
      <line num="41" type="stmt" count="1"/>
      <line num="42" type="stmt" count="1"/>
      <line num="43" type="stmt" count="1"/>
      <line num="45" type="stmt" count="1"/>
      <line num="47" type="method" name="validateFormFields" visibility="public" complexity="8" crap="8" count="1"/>
      <line num="48" type="stmt" count="1"/>
      <line num="49" type="stmt" count="1"/>
      <line num="50" type="stmt" count="1"/>
      <line num="52" type="stmt" count="1"/>
      <line num="53" type="stmt" count="1"/>
      <line num="54" type="stmt" count="1"/>
      <line num="56" type="stmt" count="1"/>
      <line num="57" type="stmt" count="1"/>
      <line num="58" type="stmt" count="1"/>
      <line num="60" type="stmt" count="1"/>
      <line num="61" type="stmt" count="1"/>
      <line num="62" type="stmt" count="1"/>
      <line num="64" type="stmt" count="1"/>
      <line num="65" type="stmt" count="1"/>
      <line num="66" type="stmt" count="1"/>
      <line num="68" type="stmt" count="1"/>
      <line num="69" type="stmt" count="1"/>
      <line num="70" type="stmt" count="1"/>
      <line num="72" type="stmt" count="1"/>
      <line num="73" type="stmt" count="1"/>
      <line num="74" type="stmt" count="1"/>
      <line num="76" type="stmt" count="1"/>
      <line num="77" type="stmt" count="1"/>
      <line num="79" type="method" name="registerUser" visibility="public" complexity="4" crap="4" count="1"/>
      <line num="80" type="stmt" count="1"/>
      <line num="81" type="stmt" count="1"/>
      <line num="82" type="stmt" count="1"/>
      <line num="83" type="stmt" count="1"/>
      <line num="84" type="stmt" count="1"/>
      <line num="85" type="stmt" count="1"/>
      <line num="86" type="stmt" count="1"/>
      <line num="87" type="stmt" count="1"/>
      <line num="89" type="stmt" count="1"/>
      <line num="90" type="stmt" count="1"/>
      <line num="91" type="stmt" count="1"/>
      <line num="92" type="stmt" count="1"/>
      <line num="93" type="stmt" count="1"/>
      <line num="94" type="stmt" count="1"/>
      <line num="95" type="stmt" count="1"/>
      <line num="96" type="stmt" count="1"/>
      <line num="98" type="stmt" count="1"/>
      <line num="99" type="stmt" count="1"/>
      <line num="101" type="stmt" count="1"/>
      <line num="102" type="stmt" count="1"/>
      <line num="106" type="method" name="getFirstName" visibility="public" complexity="1" crap="1" count="1"/>
      <line num="107" type="stmt" count="1"/>
      <line num="109" type="method" name="getLastName" visibility="public" complexity="1" crap="1" count="1"/>
      <line num="110" type="stmt" count="1"/>
      <line num="112" type="method" name="getEmail" visibility="public" complexity="1" crap="1" count="1"/>
      <line num="113" type="stmt" count="1"/>
      <line num="115" type="method" name="getErrorTxt" visibility="public" complexity="1" crap="1" count="2"/>
      <line num="116" type="stmt" count="2"/>
      <line num="119" type="stmt" count="1"/>
      <metrics loc="118" ncloc="92" classes="1" methods="7" coveredmethods="7" conditionals="0" coveredconditionals="0" statements="55" coveredstatements="55" elements="62" coveredelements="62"/>
    </file>
    <file name="/project/pages/helper/uploader_class.php">
      <class name="Uploader" namespace="global">
        <metrics complexity="20" methods="4" coveredmethods="4" conditionals="0" coveredconditionals="0" statements="49" coveredstatements="49" elements="53" coveredelements="53"/>
      </class>
      <line num="22" type="method" name="validateFormRequest" visibility="public" complexity="7" crap="7" count="1"/>
      <line num="23" type="stmt" count="1"/>
      <line num="24" type="stmt" count="1"/>
      <line num="25" type="stmt" count="1"/>
      <line num="26" type="stmt" count="1"/>
      <line num="27" type="stmt" count="1"/>
      <line num="28" type="stmt" count="1"/>
      <line num="31" type="stmt" count="1"/>
      <line num="32" type="stmt" count="1"/>
      <line num="36" type="stmt" count="1"/>
      <line num="37" type="stmt" count="1"/>
      <line num="38" type="stmt" count="1"/>
      <line num="40" type="stmt" count="1"/>
      <line num="41" type="stmt" count="1"/>
      <line num="43" type="method" name="movefile" visibility="protected" complexity="1" crap="1" count="1"/>
      <line num="44" type="stmt" count="1"/>
      <line num="46" type="method" name="createJob" visibility="public" complexity="11" crap="11" count="1"/>
      <line num="47" type="stmt" count="1"/>
      <line num="48" type="stmt" count="1"/>
      <line num="49" type="stmt" count="1"/>
      <line num="51" type="stmt" count="1"/>
      <line num="52" type="stmt" count="1"/>
      <line num="53" type="stmt" count="1"/>
      <line num="54" type="stmt" count="1"/>
      <line num="55" type="stmt" count="1"/>
      <line num="57" type="stmt" count="1"/>
      <line num="58" type="stmt" count="1"/>
      <line num="59" type="stmt" count="1"/>
      <line num="60" type="stmt" count="1"/>
      <line num="62" type="stmt" count="1"/>
      <line num="64" type="stmt" count="1"/>
      <line num="66" type="stmt" count="1"/>
      <line num="67" type="stmt" count="1"/>
      <line num="68" type="stmt" count="1"/>
      <line num="69" type="stmt" count="1"/>
      <line num="71" type="stmt" count="1"/>
      <line num="72" type="stmt" count="1"/>
      <line num="74" type="stmt" count="1"/>
      <line num="75" type="stmt" count="1"/>
      <line num="76" type="stmt" count="1"/>
      <line num="78" type="stmt" count="1"/>
      <line num="79" type="stmt" count="1"/>
      <line num="80" type="stmt" count="1"/>
      <line num="82" type="stmt" count="1"/>
      <line num="83" type="stmt" count="1"/>
      <line num="84" type="stmt" count="1"/>
      <line num="85" type="stmt" count="1"/>
      <line num="88" type="stmt" count="1"/>
      <line num="89" type="stmt" count="1"/>
      <line num="93" type="stmt" count="1"/>
      <line num="94" type="stmt" count="1"/>
      <line num="97" type="method" name="getErrorTxt" visibility="public" complexity="1" crap="1" count="2"/>
      <line num="98" type="stmt" count="2"/>
      <line num="101" type="stmt" count="1"/>
      <metrics loc="100" ncloc="79" classes="1" methods="4" coveredmethods="4" conditionals="0" coveredconditionals="0" statements="49" coveredstatements="49" elements="53" coveredelements="53"/>
    </file>
    <file name="/project/pages/index.php">
      <line num="2" type="stmt" count="0"/>
      <metrics loc="2" ncloc="2" classes="0" methods="0" coveredmethods="0" conditionals="0" coveredconditionals="0" statements="1" coveredstatements="0" elements="1" coveredelements="0"/>
    </file>
    <file name="/project/pages/js/dummy.txt">
      <metrics loc="2" ncloc="2" classes="0" methods="0" coveredmethods="0" conditionals="0" coveredconditionals="0" statements="0" coveredstatements="0" elements="0" coveredelements="0"/>
    </file>
    <file name="/project/pages/login.php">
      <line num="38" type="stmt" count="0"/>
      <line num="39" type="stmt" count="0"/>
      <line num="40" type="stmt" count="0"/>
      <line num="41" type="stmt" count="0"/>
      <line num="42" type="stmt" count="0"/>
      <line num="43" type="stmt" count="0"/>
      <line num="44" type="stmt" count="0"/>
      <line num="46" type="stmt" count="0"/>
      <line num="47" type="stmt" count="0"/>
      <line num="52" type="stmt" count="0"/>
      <line num="53" type="stmt" count="0"/>
      <line num="54" type="stmt" count="0"/>
      <line num="55" type="stmt" count="0"/>
      <line num="56" type="stmt" count="0"/>
      <line num="57" type="stmt" count="0"/>
      <line num="75" type="stmt" count="0"/>
      <line num="84" type="stmt" count="0"/>
      <line num="89" type="stmt" count="0"/>
      <line num="104" type="stmt" count="0"/>
      <metrics loc="107" ncloc="69" classes="0" methods="0" coveredmethods="0" conditionals="0" coveredconditionals="0" statements="19" coveredstatements="0" elements="19" coveredelements="0"/>
    </file>
    <file name="/project/pages/logout.php">
      <line num="2" type="stmt" count="0"/>
      <line num="3" type="stmt" count="0"/>
      <line num="4" type="stmt" count="0"/>
      <line num="5" type="stmt" count="0"/>
      <metrics loc="5" ncloc="5" classes="0" methods="0" coveredmethods="0" conditionals="0" coveredconditionals="0" statements="4" coveredstatements="0" elements="4" coveredelements="0"/>
    </file>
    <file name="/project/pages/register.php">
      <line num="39" type="stmt" count="0"/>
      <line num="40" type="stmt" count="0"/>
      <line num="41" type="stmt" count="0"/>
      <line num="42" type="stmt" count="0"/>
      <line num="43" type="stmt" count="0"/>
      <line num="44" type="stmt" count="0"/>
      <line num="45" type="stmt" count="0"/>
      <line num="47" type="stmt" count="0"/>
      <line num="48" type="stmt" count="0"/>
      <line num="53" type="stmt" count="0"/>
      <line num="54" type="stmt" count="0"/>
      <line num="55" type="stmt" count="0"/>
      <line num="56" type="stmt" count="0"/>
      <line num="57" type="stmt" count="0"/>
      <line num="58" type="stmt" count="0"/>
      <line num="76" type="stmt" count="0"/>
      <line num="86" type="stmt" count="0"/>
      <line num="92" type="stmt" count="0"/>
      <line num="96" type="stmt" count="0"/>
      <line num="100" type="stmt" count="0"/>
      <line num="118" type="stmt" count="0"/>
      <metrics loc="121" ncloc="81" classes="0" methods="0" coveredmethods="0" conditionals="0" coveredconditionals="0" statements="21" coveredstatements="0" elements="21" coveredelements="0"/>
    </file>
    <file name="/project/pages/upload.php">
      <line num="34" type="stmt" count="0"/>
      <line num="35" type="stmt" count="0"/>
      <line num="36" type="stmt" count="0"/>
      <line num="37" type="stmt" count="0"/>
      <line num="38" type="stmt" count="0"/>
      <line num="39" type="stmt" count="0"/>
      <line num="40" type="stmt" count="0"/>
      <line num="42" type="stmt" count="0"/>
      <line num="43" type="stmt" count="0"/>
      <line num="49" type="stmt" count="0"/>
      <line num="50" type="stmt" count="0"/>
      <line num="51" type="stmt" count="0"/>
      <line num="52" type="stmt" count="0"/>
      <line num="53" type="stmt" count="0"/>
      <line num="70" type="stmt" count="0"/>
      <line num="85" type="stmt" count="0"/>
      <line num="104" type="stmt" count="0"/>
      <metrics loc="107" ncloc="73" classes="0" methods="0" coveredmethods="0" conditionals="0" coveredconditionals="0" statements="17" coveredstatements="0" elements="17" coveredelements="0"/>
    </file>
    <file name="/project/pages/uploads/3_20210301_094415641726_8302908240637827.mid">
      <metrics loc="1" ncloc="1" classes="0" methods="0" coveredmethods="0" conditionals="0" coveredconditionals="0" statements="0" coveredstatements="0" elements="0" coveredelements="0"/>
    </file>
    <file name="/project/pages/uploads/dummy.txt">
      <metrics loc="2" ncloc="2" classes="0" methods="0" coveredmethods="0" conditionals="0" coveredconditionals="0" statements="0" coveredstatements="0" elements="0" coveredelements="0"/>
    </file>
    <metrics files="21" loc="1472" ncloc="1207" classes="6" methods="28" coveredmethods="28" conditionals="0" coveredconditionals="0" statements="317" coveredstatements="224" elements="345" coveredelements="252"/>
  </project>
</coverage>
